[ 2020-05-25T16:50:15+08:00 ] 127.0.0.1 /treehole/index.php/Home/user/sign
INFO: [ app_init ] --START--
INFO: Run Behavior\BuildLiteBehavior [ RunTime:0.001000s ]
INFO: [ app_init ] --END-- [ RunTime:0.003000s ]
INFO: [ app_begin ] --START--
INFO: Run Behavior\ReadHtmlCacheBehavior [ RunTime:0.006000s ]
INFO: [ app_begin ] --END-- [ RunTime:0.007000s ]

[ 2020-05-25T16:50:50+08:00 ] 127.0.0.1 /treehole/index.php/Home/user/sign
INFO: [ app_init ] --START--
INFO: Run Behavior\BuildLiteBehavior [ RunTime:0.001000s ]
INFO: [ app_init ] --END-- [ RunTime:0.001000s ]
INFO: [ app_begin ] --START--
INFO: Run Behavior\ReadHtmlCacheBehavior [ RunTime:0.001000s ]
INFO: [ app_begin ] --END-- [ RunTime:0.001000s ]
NOTIC: [8] Undefined index: username D:\PHP\PHPTools\Apache\htdocs\treehole\Application\Home\Controller\UserController.class.php 第 14 行.

[ 2020-05-25T16:51:06+08:00 ] 127.0.0.1 /treehole/index.php/Home/user/sign
INFO: [ app_init ] --START--
INFO: Run Behavior\BuildLiteBehavior [ RunTime:0.000000s ]
INFO: [ app_init ] --END-- [ RunTime:0.001000s ]
INFO: [ app_begin ] --START--
INFO: Run Behavior\ReadHtmlCacheBehavior [ RunTime:0.001000s ]
INFO: [ app_begin ] --END-- [ RunTime:0.001000s ]
NOTIC: [8] Undefined index: username D:\PHP\PHPTools\Apache\htdocs\treehole\Application\Home\Controller\UserController.class.php 第 14 行.

[ 2020-05-25T16:51:12+08:00 ] 127.0.0.1 /treehole/index.php/Home/user/sign
INFO: [ app_init ] --START--
INFO: Run Behavior\BuildLiteBehavior [ RunTime:0.000000s ]
INFO: [ app_init ] --END-- [ RunTime:0.001000s ]
INFO: [ app_begin ] --START--
INFO: Run Behavior\ReadHtmlCacheBehavior [ RunTime:0.001000s ]
INFO: [ app_begin ] --END-- [ RunTime:0.001000s ]
NOTIC: [8] Undefined index: username D:\PHP\PHPTools\Apache\htdocs\treehole\Application\Home\Controller\UserController.class.php 第 14 行.

[ 2020-05-25T18:12:56+08:00 ] 127.0.0.1 /treehole/index.php/Home/user/sign?username=%E5%BC%A0%E4%B8%89
INFO: [ app_init ] --START--
INFO: Run Behavior\BuildLiteBehavior [ RunTime:0.000000s ]
INFO: [ app_init ] --END-- [ RunTime:0.000000s ]
INFO: [ app_begin ] --START--
INFO: Run Behavior\ReadHtmlCacheBehavior [ RunTime:0.001000s ]
INFO: [ app_begin ] --END-- [ RunTime:0.001000s ]
NOTIC: [8] Undefined index: username D:\PHP\PHPTools\Apache\htdocs\treehole\Application\Home\Controller\UserController.class.php 第 14 行.

[ 2020-05-25T18:15:47+08:00 ] 127.0.0.1 /treehole/index.php/Home/user/sign?username=%E5%BC%A0%E4%B8%89
INFO: [ app_init ] --START--
INFO: Run Behavior\BuildLiteBehavior [ RunTime:0.000000s ]
INFO: [ app_init ] --END-- [ RunTime:0.001000s ]
INFO: [ app_begin ] --START--
INFO: Run Behavior\ReadHtmlCacheBehavior [ RunTime:0.001000s ]
INFO: [ app_begin ] --END-- [ RunTime:0.001000s ]
NOTIC: [8] Undefined index: username D:\PHP\PHPTools\Apache\htdocs\treehole\Application\Home\Controller\UserController.class.php 第 14 行.

[ 2020-05-25T18:18:53+08:00 ] 127.0.0.1 /treehole/index.php/Home/user/sign?username=%E5%BC%A0%E4%B8%89
INFO: [ app_init ] --START--
INFO: Run Behavior\BuildLiteBehavior [ RunTime:0.000000s ]
INFO: [ app_init ] --END-- [ RunTime:0.000000s ]
INFO: [ app_begin ] --START--
INFO: Run Behavior\ReadHtmlCacheBehavior [ RunTime:0.001000s ]
INFO: [ app_begin ] --END-- [ RunTime:0.001000s ]
NOTIC: [8] Undefined index: username D:\PHP\PHPTools\Apache\htdocs\treehole\Application\Home\Controller\UserController.class.php 第 14 行.

[ 2020-05-25T18:20:49+08:00 ] 127.0.0.1 /treehole/index.php/Home/user/sign?username=%E5%BC%A0%E4%B8%89
INFO: [ app_init ] --START--
INFO: Run Behavior\BuildLiteBehavior [ RunTime:0.000000s ]
INFO: [ app_init ] --END-- [ RunTime:0.000000s ]
INFO: [ app_begin ] --START--
INFO: Run Behavior\ReadHtmlCacheBehavior [ RunTime:0.000000s ]
INFO: [ app_begin ] --END-- [ RunTime:0.001000s ]
NOTIC: [8] Undefined index: username D:\PHP\PHPTools\Apache\htdocs\treehole\Application\Home\Controller\UserController.class.php 第 14 行.

[ 2020-05-25T18:21:18+08:00 ] 127.0.0.1 /treehole/index.php/Home/user/sign?username=%E5%BC%A0%E4%B8%89
INFO: [ app_init ] --START--
INFO: Run Behavior\BuildLiteBehavior [ RunTime:0.000000s ]
INFO: [ app_init ] --END-- [ RunTime:0.001000s ]
INFO: [ app_begin ] --START--
INFO: Run Behavior\ReadHtmlCacheBehavior [ RunTime:0.001000s ]
INFO: [ app_begin ] --END-- [ RunTime:0.001000s ]
NOTIC: [8] Undefined index: username D:\PHP\PHPTools\Apache\htdocs\treehole\Application\Home\Controller\UserController.class.php 第 14 行.

[ 2020-05-25T18:21:51+08:00 ] 127.0.0.1 /treehole/index.php/Home/user/sign
INFO: [ app_init ] --START--
INFO: Run Behavior\BuildLiteBehavior [ RunTime:0.000000s ]
INFO: [ app_init ] --END-- [ RunTime:0.001000s ]
INFO: [ app_begin ] --START--
INFO: Run Behavior\ReadHtmlCacheBehavior [ RunTime:0.001000s ]
INFO: [ app_begin ] --END-- [ RunTime:0.001000s ]
NOTIC: [8] Undefined index: username D:\PHP\PHPTools\Apache\htdocs\treehole\Application\Home\Controller\UserController.class.php 第 14 行.

[ 2020-05-25T18:22:23+08:00 ] 127.0.0.1 /treehole/index.php/Home/user/sign?username=%E5%BC%A0%E4%B8%89
INFO: [ app_init ] --START--
INFO: Run Behavior\BuildLiteBehavior [ RunTime:0.000000s ]
INFO: [ app_init ] --END-- [ RunTime:0.001000s ]
INFO: [ app_begin ] --START--
INFO: Run Behavior\ReadHtmlCacheBehavior [ RunTime:0.001000s ]
INFO: [ app_begin ] --END-- [ RunTime:0.001000s ]
NOTIC: [8] Undefined index: username D:\PHP\PHPTools\Apache\htdocs\treehole\Application\Home\Controller\UserController.class.php 第 14 行.

[ 2020-05-25T18:24:44+08:00 ] 127.0.0.1 /treehole/index.php/Home/user/sign?username=%E5%BC%A0%E4%B8%89
INFO: [ app_init ] --START--
INFO: Run Behavior\BuildLiteBehavior [ RunTime:0.000000s ]
INFO: [ app_init ] --END-- [ RunTime:0.001000s ]
INFO: [ app_begin ] --START--
INFO: Run Behavior\ReadHtmlCacheBehavior [ RunTime:0.001000s ]
INFO: [ app_begin ] --END-- [ RunTime:0.002000s ]
NOTIC: [8] Undefined index: username D:\PHP\PHPTools\Apache\htdocs\treehole\Application\Home\Controller\UserController.class.php 第 14 行.

[ 2020-05-25T18:25:14+08:00 ] 127.0.0.1 /treehole/index.php/Home/user/sign?username=%E5%BC%A0%E4%B8%89
INFO: [ app_init ] --START--
INFO: Run Behavior\BuildLiteBehavior [ RunTime:0.000000s ]
INFO: [ app_init ] --END-- [ RunTime:0.001000s ]
INFO: [ app_begin ] --START--
INFO: Run Behavior\ReadHtmlCacheBehavior [ RunTime:0.001000s ]
INFO: [ app_begin ] --END-- [ RunTime:0.001000s ]
NOTIC: [8] Undefined index: username D:\PHP\PHPTools\Apache\htdocs\treehole\Application\Home\Controller\UserController.class.php 第 14 行.

[ 2020-05-25T18:25:18+08:00 ] 127.0.0.1 /treehole/index.php/Home/user/sign?username=%E5%BC%A0%E4%B8%89
INFO: [ app_init ] --START--
INFO: Run Behavior\BuildLiteBehavior [ RunTime:0.000000s ]
INFO: [ app_init ] --END-- [ RunTime:0.002000s ]
INFO: [ app_begin ] --START--
INFO: Run Behavior\ReadHtmlCacheBehavior [ RunTime:0.001000s ]
INFO: [ app_begin ] --END-- [ RunTime:0.002000s ]
NOTIC: [8] Undefined index: username D:\PHP\PHPTools\Apache\htdocs\treehole\Application\Home\Controller\UserController.class.php 第 14 行.

[ 2020-05-25T18:27:04+08:00 ] 127.0.0.1 /treehole/index.php/Home/user/sign?username=%E5%BC%A0%E4%B8%89
INFO: [ app_init ] --START--
INFO: Run Behavior\BuildLiteBehavior [ RunTime:0.000000s ]
INFO: [ app_init ] --END-- [ RunTime:0.001000s ]
INFO: [ app_begin ] --START--
INFO: Run Behavior\ReadHtmlCacheBehavior [ RunTime:0.001000s ]
INFO: [ app_begin ] --END-- [ RunTime:0.001000s ]

[ 2020-05-25T18:29:11+08:00 ] 127.0.0.1 /treehole/index.php/Home/user/sign?username=%E5%BC%A0%E4%B8%89
INFO: [ app_init ] --START--
INFO: Run Behavior\BuildLiteBehavior [ RunTime:0.000000s ]
INFO: [ app_init ] --END-- [ RunTime:0.001001s ]
INFO: [ app_begin ] --START--
INFO: Run Behavior\ReadHtmlCacheBehavior [ RunTime:0.001000s ]
INFO: [ app_begin ] --END-- [ RunTime:0.002000s ]

[ 2020-05-25T18:29:39+08:00 ] 127.0.0.1 /treehole/index.php/Home/user/sign?username=%E5%BC%A0%E4%B8%89
INFO: [ app_init ] --START--
INFO: Run Behavior\BuildLiteBehavior [ RunTime:0.000000s ]
INFO: [ app_init ] --END-- [ RunTime:0.001000s ]
INFO: [ app_begin ] --START--
INFO: Run Behavior\ReadHtmlCacheBehavior [ RunTime:0.001000s ]
INFO: [ app_begin ] --END-- [ RunTime:0.001000s ]
NOTIC: [8] Undefined index: username D:\PHP\PHPTools\Apache\htdocs\treehole\Application\Home\Controller\UserController.class.php 第 14 行.

[ 2020-05-25T18:35:12+08:00 ] 127.0.0.1 /treehole/index.php/Home/user/sign?username=%E5%BC%A0%E4%B8%89
INFO: [ app_init ] --START--
INFO: Run Behavior\BuildLiteBehavior [ RunTime:0.000000s ]
INFO: [ app_init ] --END-- [ RunTime:0.001000s ]
INFO: [ app_begin ] --START--
INFO: Run Behavior\ReadHtmlCacheBehavior [ RunTime:0.002000s ]
INFO: [ app_begin ] --END-- [ RunTime:0.002000s ]
NOTIC: [8] Undefined index: username D:\PHP\PHPTools\Apache\htdocs\treehole\Application\Home\Controller\UserController.class.php 第 14 行.

[ 2020-05-25T18:35:46+08:00 ] 127.0.0.1 /treehole/index.php/Home/user/sign?username=%E5%BC%A0%E4%B8%89
INFO: [ app_init ] --START--
INFO: Run Behavior\BuildLiteBehavior [ RunTime:0.000000s ]
INFO: [ app_init ] --END-- [ RunTime:0.000000s ]
INFO: [ app_begin ] --START--
INFO: Run Behavior\ReadHtmlCacheBehavior [ RunTime:0.001000s ]
INFO: [ app_begin ] --END-- [ RunTime:0.001000s ]
INFO: [ app_end ] --START--
INFO: Run Behavior\ShowPageTraceBehavior [ RunTime:0.001000s ]
INFO: [ app_end ] --END-- [ RunTime:0.001000s ]

[ 2020-05-25T18:36:06+08:00 ] 127.0.0.1 /treehole/index.php/Home/user/sign?username=%E5%BC%A0%E4%B8%89
INFO: [ app_init ] --START--
INFO: Run Behavior\BuildLiteBehavior [ RunTime:0.000000s ]
INFO: [ app_init ] --END-- [ RunTime:0.001000s ]
INFO: [ app_begin ] --START--
INFO: Run Behavior\ReadHtmlCacheBehavior [ RunTime:0.001000s ]
INFO: [ app_begin ] --END-- [ RunTime:0.001000s ]
INFO: [ app_end ] --START--
INFO: Run Behavior\ShowPageTraceBehavior [ RunTime:0.001000s ]
INFO: [ app_end ] --END-- [ RunTime:0.001000s ]

[ 2020-05-25T18:47:44+08:00 ] 127.0.0.1 /treehole/index.php/Home/user/sign?username=%E5%BC%A0%E4%B8%89
INFO: [ app_init ] --START--
INFO: Run Behavior\BuildLiteBehavior [ RunTime:0.000000s ]
INFO: [ app_init ] --END-- [ RunTime:0.001000s ]
INFO: [ app_begin ] --START--
INFO: Run Behavior\ReadHtmlCacheBehavior [ RunTime:0.001000s ]
INFO: [ app_begin ] --END-- [ RunTime:0.001000s ]
NOTIC: [8] Undefined index: phone D:\PHP\PHPTools\Apache\htdocs\treehole\Application\Home\Controller\UserController.class.php 第 23 行.

[ 2020-05-25T18:48:06+08:00 ] 127.0.0.1 /treehole/index.php/Home/user/sign?username=%E5%BC%A0%E4%B8%89
INFO: [ app_init ] --START--
INFO: Run Behavior\BuildLiteBehavior [ RunTime:0.000000s ]
INFO: [ app_init ] --END-- [ RunTime:0.000000s ]
INFO: [ app_begin ] --START--
INFO: Run Behavior\ReadHtmlCacheBehavior [ RunTime:0.001000s ]
INFO: [ app_begin ] --END-- [ RunTime:0.002000s ]
INFO: [ app_end ] --START--
INFO: Run Behavior\ShowPageTraceBehavior [ RunTime:0.001000s ]
INFO: [ app_end ] --END-- [ RunTime:0.001000s ]

[ 2020-05-25T18:51:07+08:00 ] 127.0.0.1 /treehole/index.php/Home/user/sign?username=%E5%BC%A0%E4%B8%89
INFO: [ app_init ] --START--
INFO: Run Behavior\BuildLiteBehavior [ RunTime:0.000000s ]
INFO: [ app_init ] --END-- [ RunTime:0.000000s ]
INFO: [ app_begin ] --START--
INFO: Run Behavior\ReadHtmlCacheBehavior [ RunTime:0.001000s ]
INFO: [ app_begin ] --END-- [ RunTime:0.002000s ]
INFO: [ app_end ] --START--
INFO: Run Behavior\ShowPageTraceBehavior [ RunTime:0.001000s ]
INFO: [ app_end ] --END-- [ RunTime:0.001000s ]

[ 2020-05-25T18:56:38+08:00 ] 127.0.0.1 /treehole/index.php/Home/user/sign?username=%E5%BC%A0%E4%B8%89
INFO: [ app_init ] --START--
INFO: Run Behavior\BuildLiteBehavior [ RunTime:0.000000s ]
INFO: [ app_init ] --END-- [ RunTime:0.001000s ]
INFO: [ app_begin ] --START--
INFO: Run Behavior\ReadHtmlCacheBehavior [ RunTime:0.001000s ]
INFO: [ app_begin ] --END-- [ RunTime:0.001000s ]

[ 2020-05-25T18:56:52+08:00 ] 127.0.0.1 /treehole/index.php/Home/user/sign?username=%E5%BC%A0%E4%B8%89
INFO: [ app_init ] --START--
INFO: Run Behavior\BuildLiteBehavior [ RunTime:0.000000s ]
INFO: [ app_init ] --END-- [ RunTime:0.001000s ]
INFO: [ app_begin ] --START--
INFO: Run Behavior\ReadHtmlCacheBehavior [ RunTime:0.006001s ]
INFO: [ app_begin ] --END-- [ RunTime:0.007001s ]
INFO: [ app_end ] --START--
INFO: Run Behavior\ShowPageTraceBehavior [ RunTime:0.002000s ]
INFO: [ app_end ] --END-- [ RunTime:0.003000s ]

[ 2020-05-25T19:33:02+08:00 ] 127.0.0.1 /treehole/index.php/Home/user/sign?username=%E5%BC%A0%E4%B8%89
INFO: [ app_init ] --START--
INFO: Run Behavior\BuildLiteBehavior [ RunTime:0.000000s ]
INFO: [ app_init ] --END-- [ RunTime:0.001000s ]
INFO: [ app_begin ] --START--
INFO: Run Behavior\ReadHtmlCacheBehavior [ RunTime:0.005000s ]
INFO: [ app_begin ] --END-- [ RunTime:0.005000s ]
SQL: SHOW COLUMNS FROM `user` [ RunTime:0.0040s ]
SQL: SELECT * FROM `user` WHERE `phone` = '123456789' LIMIT 1   [ RunTime:0.0010s ]
NOTIC: [8] Undefined index: face_url D:\PHP\PHPTools\Apache\htdocs\treehole\Application\Home\Controller\UserController.class.php 第 82 行.
INFO: [ app_end ] --START--
INFO: Run Behavior\ShowPageTraceBehavior [ RunTime:0.001001s ]
INFO: [ app_end ] --END-- [ RunTime:0.001001s ]

[ 2020-05-25T19:33:29+08:00 ] 127.0.0.1 /treehole/index.php/Home/user/sign?username=%E5%BC%A0%E4%B8%89
INFO: [ app_init ] --START--
INFO: Run Behavior\BuildLiteBehavior [ RunTime:0.000000s ]
INFO: [ app_init ] --END-- [ RunTime:0.000000s ]
INFO: [ app_begin ] --START--
INFO: Run Behavior\ReadHtmlCacheBehavior [ RunTime:0.000000s ]
INFO: [ app_begin ] --END-- [ RunTime:0.002000s ]
SQL: SHOW COLUMNS FROM `user` [ RunTime:0.0050s ]
SQL: SELECT * FROM `user` WHERE `phone` = '123456789' LIMIT 1   [ RunTime:0.0000s ]
INFO: [ app_end ] --START--
INFO: Run Behavior\ShowPageTraceBehavior [ RunTime:0.002000s ]
INFO: [ app_end ] --END-- [ RunTime:0.002000s ]

[ 2020-05-25T20:07:24+08:00 ] 127.0.0.1 /treehole/index.php/Home/user/sign?username=%E5%BC%A0%E4%B8%89
INFO: [ app_init ] --START--
INFO: Run Behavior\BuildLiteBehavior [ RunTime:0.000000s ]
INFO: [ app_init ] --END-- [ RunTime:0.001000s ]
INFO: [ app_begin ] --START--
INFO: Run Behavior\ReadHtmlCacheBehavior [ RunTime:0.001000s ]
INFO: [ app_begin ] --END-- [ RunTime:0.001000s ]

[ 2020-05-25T20:07:36+08:00 ] 127.0.0.1 /treehole/index.php/Home/user/sign?username=%E5%BC%A0%E4%B8%89
INFO: [ app_init ] --START--
INFO: Run Behavior\BuildLiteBehavior [ RunTime:0.000000s ]
INFO: [ app_init ] --END-- [ RunTime:0.001000s ]
INFO: [ app_begin ] --START--
INFO: Run Behavior\ReadHtmlCacheBehavior [ RunTime:0.001000s ]
INFO: [ app_begin ] --END-- [ RunTime:0.001000s ]
SQL: SHOW COLUMNS FROM `user` [ RunTime:0.0050s ]
SQL: SELECT * FROM `user` WHERE `phone` = '123456789' LIMIT 1   [ RunTime:0.0010s ]
SQL: INSERT INTO `user` (`username`,`phone`,`password`,`face_url`) VALUES ('张三','123456789','25f9e794323b453885f5181f1b624d0b','xxx.jpg') [ RunTime:0.0060s ]

[ 2020-05-25T20:09:59+08:00 ] 127.0.0.1 /treehole/index.php/Home/user/sign?username=%E5%BC%A0%E4%B8%89
INFO: [ app_init ] --START--
INFO: Run Behavior\BuildLiteBehavior [ RunTime:0.000000s ]
INFO: [ app_init ] --END-- [ RunTime:0.001000s ]
INFO: [ app_begin ] --START--
INFO: Run Behavior\ReadHtmlCacheBehavior [ RunTime:0.001000s ]
INFO: [ app_begin ] --END-- [ RunTime:0.001000s ]
SQL: SHOW COLUMNS FROM `user` [ RunTime:0.0030s ]
SQL: SELECT * FROM `user` WHERE `phone` = '123456789' LIMIT 1   [ RunTime:0.0010s ]

